2018-10-04 15:01:09 WARN  CompanyeManagerTest:43 - El employee que ha intentado introducir trabaja en una empresa la cual no existe null
2018-10-04 15:01:09 WARN  CompanyeManagerTest:43 - El employee que ha intentado introducir trabaja en una empresa la cual no existe null
2018-10-04 15:01:09 WARN  CompanyeManagerTest:43 - El employee que ha intentado introducir trabaja en una empresa la cual no existe null
2018-10-04 15:01:09 WARN  CompanyeManagerTest:43 - El employee que ha intentado introducir trabaja en una empresa la cual no existe null
2018-10-04 15:01:09 WARN  CompanyeManagerTest:43 - El employee que ha intentado introducir trabaja en una empresa la cual no existe null
2018-10-04 15:01:09 WARN  CompanyeManagerTest:43 - El employee que ha intentado introducir trabaja en una empresa la cual no existe null
2018-10-04 15:01:43 WARN  CompanyeManagerTest:42 - El employee que ha intentado introducir trabaja en una empresa la cual no existe null
2018-10-04 15:01:43 WARN  CompanyeManagerTest:42 - El employee que ha intentado introducir trabaja en una empresa la cual no existe null
2018-10-04 15:01:43 WARN  CompanyeManagerTest:42 - El employee que ha intentado introducir trabaja en una empresa la cual no existe null
2018-10-04 15:01:43 WARN  CompanyeManagerTest:42 - El employee que ha intentado introducir trabaja en una empresa la cual no existe null
2018-10-04 15:01:43 WARN  CompanyeManagerTest:42 - El employee que ha intentado introducir trabaja en una empresa la cual no existe null
2018-10-04 15:01:43 WARN  CompanyeManagerTest:42 - El employee que ha intentado introducir trabaja en una empresa la cual no existe null
2018-10-04 17:08:57 INFO  CompanyeManagerTest:41 - El employee que ha intentado introducir trabaja en una empresa la cual no existe null
2018-10-04 17:08:57 INFO  CompanyeManagerTest:41 - El employee que ha intentado introducir trabaja en una empresa la cual no existe null
2018-10-04 17:08:57 INFO  CompanyeManagerTest:41 - El employee que ha intentado introducir trabaja en una empresa la cual no existe null
2018-10-04 17:08:57 INFO  CompanyeManagerTest:41 - El employee que ha intentado introducir trabaja en una empresa la cual no existe null
2018-10-04 17:08:57 INFO  CompanyeManagerTest:41 - El employee que ha intentado introducir trabaja en una empresa la cual no existe null
2018-10-04 17:08:57 INFO  CompanyeManagerTest:41 - El employee que ha intentado introducir trabaja en una empresa la cual no existe null
2018-10-04 17:11:01 WARN  CompanyeManagerTest:41 - El employee que ha intentado introducir trabaja en una empresa la cual no existe: null
2018-10-04 17:11:01 WARN  CompanyeManagerTest:41 - El employee que ha intentado introducir trabaja en una empresa la cual no existe: null
2018-10-04 17:11:01 WARN  CompanyeManagerTest:41 - El employee que ha intentado introducir trabaja en una empresa la cual no existe: null
2018-10-04 17:11:01 WARN  CompanyeManagerTest:41 - El employee que ha intentado introducir trabaja en una empresa la cual no existe: null
2018-10-04 17:11:01 WARN  CompanyeManagerTest:76 - El employee que ha intentado introducir trabaja en una empresa la cual no existe: null
2018-10-04 17:11:01 WARN  CompanyeManagerTest:41 - El employee que ha intentado introducir trabaja en una empresa la cual no existe: null
2018-10-04 17:11:01 WARN  CompanyeManagerTest:41 - El employee que ha intentado introducir trabaja en una empresa la cual no existe: null
2018-10-04 17:11:49 WARN  CompanyeManagerTest:41 - El employee que ha intentado introducir trabaja en una empresa la cual no existe: null
2018-10-04 17:11:49 WARN  CompanyeManagerTest:41 - El employee que ha intentado introducir trabaja en una empresa la cual no existe: null
2018-10-04 17:11:49 WARN  CompanyeManagerTest:41 - El employee que ha intentado introducir trabaja en una empresa la cual no existe: null
2018-10-04 17:11:49 WARN  CompanyeManagerTest:41 - El employee que ha intentado introducir trabaja en una empresa la cual no existe: null
2018-10-04 17:11:49 INFO  CompanyeManagerTest:76 - El employee que ha intentado introducir trabaja en una empresa la cual no existe: null
2018-10-04 17:11:49 WARN  CompanyeManagerTest:41 - El employee que ha intentado introducir trabaja en una empresa la cual no existe: null
2018-10-04 17:11:49 WARN  CompanyeManagerTest:41 - El employee que ha intentado introducir trabaja en una empresa la cual no existe: null
2018-10-04 17:21:02 WARN  CompanyeManagerTest.java CompanyeManagerTest:41 - El employee que ha intentado introducir trabaja en una empresa la cual no existe: null
2018-10-04 17:21:02 WARN  CompanyeManagerTest.java CompanyeManagerTest:41 - El employee que ha intentado introducir trabaja en una empresa la cual no existe: null
2018-10-04 17:21:02 WARN  CompanyeManagerTest.java CompanyeManagerTest:41 - El employee que ha intentado introducir trabaja en una empresa la cual no existe: null
2018-10-04 17:21:02 WARN  CompanyeManagerTest.java CompanyeManagerTest:41 - El employee que ha intentado introducir trabaja en una empresa la cual no existe: null
2018-10-04 17:21:02 WARN  CompanyeManagerTest.java CompanyeManagerTest:76 - El employee que ha intentado introducir trabaja en una empresa la cual no existe: null
2018-10-04 17:21:02 WARN  CompanyeManagerTest.java CompanyeManagerTest:41 - El employee que ha intentado introducir trabaja en una empresa la cual no existe: null
2018-10-04 17:21:02 WARN  CompanyeManagerTest.java CompanyeManagerTest:41 - El employee que ha intentado introducir trabaja en una empresa la cual no existe: null
2018-10-04 17:21:37 WARN  CompanyeManagerTest:edu.upc.eetac.dsa.CompanyeManagerTest.setUp(CompanyeManagerTest.java:41) 41 - El employee que ha intentado introducir trabaja en una empresa la cual no existe: null
2018-10-04 17:21:37 WARN  CompanyeManagerTest:edu.upc.eetac.dsa.CompanyeManagerTest.setUp(CompanyeManagerTest.java:41) 41 - El employee que ha intentado introducir trabaja en una empresa la cual no existe: null
2018-10-04 17:21:37 WARN  CompanyeManagerTest:edu.upc.eetac.dsa.CompanyeManagerTest.setUp(CompanyeManagerTest.java:41) 41 - El employee que ha intentado introducir trabaja en una empresa la cual no existe: null
2018-10-04 17:21:37 WARN  CompanyeManagerTest:edu.upc.eetac.dsa.CompanyeManagerTest.setUp(CompanyeManagerTest.java:41) 41 - El employee que ha intentado introducir trabaja en una empresa la cual no existe: null
2018-10-04 17:21:37 WARN  CompanyeManagerTest:edu.upc.eetac.dsa.CompanyeManagerTest.addEmployee(CompanyeManagerTest.java:76) 76 - El employee que ha intentado introducir trabaja en una empresa la cual no existe: null
2018-10-04 17:21:37 WARN  CompanyeManagerTest:edu.upc.eetac.dsa.CompanyeManagerTest.setUp(CompanyeManagerTest.java:41) 41 - El employee que ha intentado introducir trabaja en una empresa la cual no existe: null
2018-10-04 17:21:37 WARN  CompanyeManagerTest:edu.upc.eetac.dsa.CompanyeManagerTest.setUp(CompanyeManagerTest.java:41) 41 - El employee que ha intentado introducir trabaja en una empresa la cual no existe: null
2018-10-04 17:22:08 WARN  CompanyeManagerTest:41 - El employee que ha intentado introducir trabaja en una empresa la cual no existe: null
2018-10-04 17:22:08 WARN  CompanyeManagerTest:41 - El employee que ha intentado introducir trabaja en una empresa la cual no existe: null
2018-10-04 17:22:08 WARN  CompanyeManagerTest:41 - El employee que ha intentado introducir trabaja en una empresa la cual no existe: null
2018-10-04 17:22:08 WARN  CompanyeManagerTest:41 - El employee que ha intentado introducir trabaja en una empresa la cual no existe: null
2018-10-04 17:22:08 WARN  CompanyeManagerTest:76 - El employee que ha intentado introducir trabaja en una empresa la cual no existe: null
2018-10-04 17:22:08 WARN  CompanyeManagerTest:41 - El employee que ha intentado introducir trabaja en una empresa la cual no existe: null
2018-10-04 17:22:08 WARN  CompanyeManagerTest:41 - El employee que ha intentado introducir trabaja en una empresa la cual no existe: null
2018-10-04 17:22:27 WARN  CompanyeManagerTest:41 setUp - El employee que ha intentado introducir trabaja en una empresa la cual no existe: null
2018-10-04 17:22:27 WARN  CompanyeManagerTest:41 setUp - El employee que ha intentado introducir trabaja en una empresa la cual no existe: null
2018-10-04 17:22:27 WARN  CompanyeManagerTest:41 setUp - El employee que ha intentado introducir trabaja en una empresa la cual no existe: null
2018-10-04 17:22:27 WARN  CompanyeManagerTest:41 setUp - El employee que ha intentado introducir trabaja en una empresa la cual no existe: null
2018-10-04 17:22:27 WARN  CompanyeManagerTest:76 addEmployee - El employee que ha intentado introducir trabaja en una empresa la cual no existe: null
2018-10-04 17:22:27 WARN  CompanyeManagerTest:41 setUp - El employee que ha intentado introducir trabaja en una empresa la cual no existe: null
2018-10-04 17:22:27 WARN  CompanyeManagerTest:41 setUp - El employee que ha intentado introducir trabaja en una empresa la cual no existe: null
2018-10-04 17:23:30 WARN  CompanyeManagerTest:41 setUp main - El employee que ha intentado introducir trabaja en una empresa la cual no existe: null
2018-10-04 17:23:30 WARN  CompanyeManagerTest:41 setUp main - El employee que ha intentado introducir trabaja en una empresa la cual no existe: null
2018-10-04 17:23:30 WARN  CompanyeManagerTest:41 setUp main - El employee que ha intentado introducir trabaja en una empresa la cual no existe: null
2018-10-04 17:23:30 WARN  CompanyeManagerTest:41 setUp main - El employee que ha intentado introducir trabaja en una empresa la cual no existe: null
2018-10-04 17:23:30 WARN  CompanyeManagerTest:76 addEmployee main - El employee que ha intentado introducir trabaja en una empresa la cual no existe: null
2018-10-04 17:23:30 WARN  CompanyeManagerTest:41 setUp main - El employee que ha intentado introducir trabaja en una empresa la cual no existe: null
2018-10-04 17:23:30 WARN  CompanyeManagerTest:41 setUp main - El employee que ha intentado introducir trabaja en una empresa la cual no existe: null
2018-10-04 17:24:35 WARN  CompanyeManagerTest:41 setUp - El employee que ha intentado introducir trabaja en una empresa la cual no existe: null
2018-10-04 17:24:36 WARN  CompanyeManagerTest:41 setUp - El employee que ha intentado introducir trabaja en una empresa la cual no existe: null
2018-10-04 17:24:36 WARN  CompanyeManagerTest:41 setUp - El employee que ha intentado introducir trabaja en una empresa la cual no existe: null
2018-10-04 17:24:36 WARN  CompanyeManagerTest:41 setUp - El employee que ha intentado introducir trabaja en una empresa la cual no existe: null
2018-10-04 17:24:36 WARN  CompanyeManagerTest:76 addEmployee - El employee que ha intentado introducir trabaja en una empresa la cual no existe: null
2018-10-04 17:24:36 WARN  CompanyeManagerTest:41 setUp - El employee que ha intentado introducir trabaja en una empresa la cual no existe: null
2018-10-04 17:24:36 WARN  CompanyeManagerTest:41 setUp - El employee que ha intentado introducir trabaja en una empresa la cual no existe: null
2018-10-04 17:25:12 WARN  CompanyeManagerTest:41 setUp - El employee que ha intentado introducir trabaja en una empresa la cual no existe: null
2018-10-04 17:25:12 WARN  CompanyeManagerTest:41 setUp - El employee que ha intentado introducir trabaja en una empresa la cual no existe: null
2018-10-04 17:25:12 WARN  CompanyeManagerTest:41 setUp - El employee que ha intentado introducir trabaja en una empresa la cual no existe: null
2018-10-04 17:25:12 WARN  CompanyeManagerTest:41 setUp - El employee que ha intentado introducir trabaja en una empresa la cual no existe: null
2018-10-04 17:25:12 WARN  CompanyeManagerTest:76 addEmployee - El employee que ha intentado introducir trabaja en una empresa la cual no existe: null
2018-10-04 17:25:12 WARN  CompanyeManagerTest:41 setUp - El employee que ha intentado introducir trabaja en una empresa la cual no existe: null
2018-10-04 17:25:12 WARN  CompanyeManagerTest:41 setUp - El employee que ha intentado introducir trabaja en una empresa la cual no existe: null
